<?xml version="1.0" encoding="UTF-8"?><testsuite failures="0" name="cucumber.runtime.formatter.JUnitFormatter" skipped="0" tests="1" time="21.728727">
<testcase classname="s195 Login" name="Verify the s195 login process" time="21.728727">
<system-out><![CDATA[When I am on home page......................................................passed
Then I click on Login button................................................passed
And I Log into the site.....................................................passed
]]></system-out>
</testcase>
</testsuite>
