-------------------------------------------------------------------------------
Test set: com.cucumber.test.RunnerTest
-------------------------------------------------------------------------------
Tests run: 11, Failures: 0, Errors: 4, Skipped: 4, Time elapsed: 27.159 sec <<< FAILURE!
Then I would arrive on Homepage(Scenario: )  Time elapsed: 0.012 sec  <<< ERROR!
cucumber.api.PendingException: TODO: implement me
	at com.cucumber.test.Filter_Steps.I_would_arrive_on_Homepage(Filter_Steps.java:16)
	at ✽.Then I would arrive on Homepage(Following_wall_filters.feature:12)

Scenario:   Time elapsed: 0.013 sec  <<< ERROR!
cucumber.api.PendingException: TODO: implement me
	at com.cucumber.test.Filter_Steps.I_would_arrive_on_Homepage(Filter_Steps.java:16)
	at ✽.Then I would arrive on Homepage(Following_wall_filters.feature:12)

When I am on home page(Scenario: Verify the s195 login process)  Time elapsed: 0 sec  <<< ERROR!
org.openqa.selenium.remote.SessionNotFoundException: The FirefoxDriver cannot be used after quit() was called.
Build info: version: '2.44.0', revision: '76d78cf323ce037c5f92db6c1bba601c2ac43ad8', time: '2014-10-23 13:11:40'
System info: host: 'rk-Inspiron-3521', ip: '127.0.1.1', os.name: 'Linux', os.arch: 'amd64', os.version: '3.11.0-26-generic', java.version: '1.7.0_55'
Driver info: driver.version: RemoteWebDriver
	at org.openqa.selenium.firefox.FirefoxDriver$LazyCommandExecutor.execute(FirefoxDriver.java:359)
	at org.openqa.selenium.remote.RemoteWebDriver.execute(RemoteWebDriver.java:572)
	at org.openqa.selenium.remote.RemoteWebDriver.get(RemoteWebDriver.java:304)
	at pageObjects.HomePage.navigateToHomepage(HomePage.java:19)
	at com.cucumber.test.LoginPage_Steps.I_am_on_home_page(LoginPage_Steps.java:20)
	at ✽.When I am on home page(Login.feature:5)

Scenario: Verify the s195 login process  Time elapsed: 0.003 sec  <<< ERROR!
org.openqa.selenium.remote.SessionNotFoundException: The FirefoxDriver cannot be used after quit() was called.
Build info: version: '2.44.0', revision: '76d78cf323ce037c5f92db6c1bba601c2ac43ad8', time: '2014-10-23 13:11:40'
System info: host: 'rk-Inspiron-3521', ip: '127.0.1.1', os.name: 'Linux', os.arch: 'amd64', os.version: '3.11.0-26-generic', java.version: '1.7.0_55'
Driver info: driver.version: RemoteWebDriver
	at org.openqa.selenium.firefox.FirefoxDriver$LazyCommandExecutor.execute(FirefoxDriver.java:359)
	at org.openqa.selenium.remote.RemoteWebDriver.execute(RemoteWebDriver.java:572)
	at org.openqa.selenium.remote.RemoteWebDriver.get(RemoteWebDriver.java:304)
	at pageObjects.HomePage.navigateToHomepage(HomePage.java:19)
	at com.cucumber.test.LoginPage_Steps.I_am_on_home_page(LoginPage_Steps.java:20)
	at ✽.When I am on home page(Login.feature:5)

