<?xml version="1.0" encoding="UTF-8" ?>
<testsuite failures="0" time="19.319" errors="0" skipped="0" tests="4" name="com.cucumber.test.RunnerTest">
  <properties>
[...]
</properties>
  <testcase time="0.001" classname="Scenario: Verify the s195 login process" name="When I am on home page"/>
  <testcase time="0.001" classname="Scenario: Verify the s195 login process" name="Then I click on Login button"/>
  <testcase time="0.001" classname="Scenario: Verify the s195 login process" name="And I Log into the site"/>
  <testcase time="0.298" classname="Scenario: Verify the s195 login process" name="Scenario: Verify the s195 login process"/>
</testsuite>